d:\visual studio\spaceshooter\spaceshooter\debug\vc142.pdb
d:\visual studio\spaceshooter\spaceshooter\debug\vc142.idb
d:\visual studio\spaceshooter\spaceshooter\debug\source.obj
d:\visual studio\spaceshooter\spaceshooter\debug\player.obj
d:\visual studio\spaceshooter\spaceshooter\debug\game.obj
d:\visual studio\spaceshooter\spaceshooter\debug\enemybase.obj
d:\visual studio\spaceshooter\spaceshooter\debug\character.obj
d:\visual studio\spaceshooter\spaceshooter\debug\projectile.obj
d:\visual studio\spaceshooter\spaceshooter\debug\level.obj
d:\visual studio\spaceshooter\spaceshooter\debug\shooter1.obj
d:\visual studio\spaceshooter\spaceshooter\debug\movingenemy.obj
d:\visual studio\spaceshooter\spaceshooter\debug\shooter2.obj
d:\visual studio\spaceshooter\spaceshooter\debug\particle.obj
d:\visual studio\spaceshooter\debug\spaceshooter.exe
d:\visual studio\spaceshooter\debug\spaceshooter.ilk
d:\visual studio\spaceshooter\debug\spaceshooter.pdb
d:\visual studio\spaceshooter\spaceshooter\debug\game.obj.enc
d:\visual studio\spaceshooter\spaceshooter\debug\spaceshooter.tlog\cl.command.1.tlog
d:\visual studio\spaceshooter\spaceshooter\debug\spaceshooter.tlog\cl.read.1.tlog
d:\visual studio\spaceshooter\spaceshooter\debug\spaceshooter.tlog\cl.write.1.tlog
d:\visual studio\spaceshooter\spaceshooter\debug\spaceshooter.tlog\link.command.1.tlog
d:\visual studio\spaceshooter\spaceshooter\debug\spaceshooter.tlog\link.read.1.tlog
d:\visual studio\spaceshooter\spaceshooter\debug\spaceshooter.tlog\link.write.1.tlog
